14:07:34.191 [main] INFO  - Goto my account-->Click on Login.. 
14:07:34.883 [main] INFO  - Entering email and password.. 
14:07:35.559 [main] INFO  - clicked on login button...
15:21:51.876 [main] INFO  - Goto my account-->Click on Login.. 
15:21:53.135 [main] INFO  - Entering email and password.. 
15:21:54.620 [main] INFO  - clicked on login button...
15:32:55.009 [main] INFO  - Goto my account-->Click on Login.. 
15:32:55.760 [main] INFO  - Entering email and password.. 
15:32:56.517 [main] INFO  - clicked on login button...
15:44:58.490 [main] INFO  - Goto my account-->Click on Login.. 
15:44:59.375 [main] INFO  - Entering email and password.. 
15:45:00.720 [main] INFO  - clicked on login button...
11:24:02.941 [pool-3-thread-1] INFO  - Goto my account-->Click on Login.. 
11:24:03.761 [pool-3-thread-1] INFO  - Entering email and password.. 
11:24:06.101 [pool-3-thread-1] INFO  - clicked on login button...
11:25:07.956 [main] INFO  - Goto my account-->Click on Login.. 
11:25:08.604 [main] INFO  - Entering email and password.. 
11:25:09.732 [main] INFO  - clicked on login button...
11:27:34.728 [main] INFO  - Goto my account-->Click on Login.. 
11:27:35.361 [main] INFO  - Entering email and password.. 
11:27:36.283 [main] INFO  - clicked on login button...
11:28:39.062 [pool-3-thread-1] INFO  - Goto my account-->Click on Login.. 
11:28:39.709 [pool-3-thread-1] INFO  - Entering email and password.. 
11:28:41.527 [pool-3-thread-1] INFO  - clicked on login button...
11:30:58.762 [main] INFO  - Goto my account-->Click on Login.. 
11:30:59.506 [main] INFO  - Entering email and password.. 
11:31:00.817 [main] INFO  - clicked on login button...
11:32:42.541 [main] INFO  - Goto my account-->Click on Login.. 
11:32:46.118 [main] INFO  - Entering email and password.. 
11:32:47.244 [main] INFO  - clicked on login button...
11:34:08.134 [main] INFO  - Goto my account-->Click on Login.. 
11:34:08.801 [main] INFO  - Entering email and password.. 
11:34:10.471 [main] INFO  - clicked on login button...
11:45:34.561 [main] INFO  - Goto my account-->Click on Login.. 
11:45:35.241 [main] INFO  - Entering email and password.. 
11:45:36.544 [main] INFO  - clicked on login button...
11:48:32.063 [main] INFO  - Goto my account-->Click on Login.. 
11:48:32.749 [main] INFO  - Entering email and password.. 
11:48:34.206 [main] INFO  - clicked on login button...
12:19:09.362 [main] INFO  - Goto my account-->Click on Login.. 
12:19:10.371 [main] INFO  - Entering email and password.. 
12:19:11.738 [main] INFO  - clicked on login button...
12:24:14.670 [main] INFO  - Goto my account-->Click on Login.. 
12:24:15.551 [main] INFO  - Entering email and password.. 
12:24:16.857 [main] INFO  - clicked on login button...
12:25:59.705 [main] INFO  - Goto my account-->Click on Login.. 
12:26:00.443 [main] INFO  - Entering email and password.. 
12:26:01.724 [main] INFO  - clicked on login button...
12:40:21.946 [main] INFO  - Goto my account-->Click on Login.. 
12:40:22.616 [main] INFO  - Entering email and password.. 
12:40:24.212 [main] INFO  - clicked on login button...
12:48:13.135 [main] INFO  - Goto my account-->Click on Login.. 
12:48:14.187 [main] INFO  - Entering email and password.. 
12:48:15.338 [main] INFO  - clicked on login button...
07:20:02.541 [main] INFO  - Goto my account-->Click on Login.. 
07:20:03.687 [main] INFO  - Entering email and password.. 
07:20:04.885 [main] INFO  - clicked on login button...
07:26:07.255 [main] INFO  - Goto my account-->Click on Login.. 
07:26:08.073 [main] INFO  - Entering email and password.. 
07:26:08.937 [main] INFO  - clicked on login button...
07:27:45.855 [main] INFO  - Goto my account-->Click on Login.. 
07:27:46.685 [main] INFO  - Entering email and password.. 
07:27:47.506 [main] INFO  - clicked on login button...
07:42:18.774 [main] INFO  - Goto my account-->Click on Login.. 
07:42:19.621 [main] INFO  - Entering email and password.. 
07:42:20.495 [main] INFO  - clicked on login button...
07:44:30.850 [main] INFO  - Goto my account-->Click on Login.. 
07:44:31.695 [main] INFO  - Entering email and password.. 
07:44:32.578 [main] INFO  - clicked on login button...
07:46:04.249 [main] INFO  - Goto my account-->Click on Login.. 
07:46:05.043 [main] INFO  - Entering email and password.. 
07:46:05.916 [main] INFO  - clicked on login button...
07:52:55.919 [main] INFO  - Goto my account-->Click on Login.. 
07:52:56.718 [main] INFO  - Entering email and password.. 
07:52:57.593 [main] INFO  - clicked on login button...
00:33:26.215 [main] INFO  - Goto my account-->Click on Login.. 
00:33:28.700 [main] INFO  - Entering email and password.. 
00:33:30.779 [main] INFO  - clicked on login button...
00:33:39.763 [main] INFO  - Goto my account-->Click on Login.. 
00:33:42.403 [main] INFO  - Entering email and password.. 
00:33:44.817 [main] INFO  - clicked on login button...
00:33:54.361 [main] INFO  - Goto my account-->Click on Login.. 
00:33:58.377 [main] INFO  - Entering email and password.. 
00:34:00.976 [main] INFO  - clicked on login button...
21:32:48.639 [main] INFO  - Goto my account-->Click on Login.. 
21:32:51.183 [main] INFO  - Entering email and password.. 
21:32:53.184 [main] INFO  - clicked on login button...
21:33:01.948 [main] INFO  - Goto my account-->Click on Login.. 
21:33:04.800 [main] INFO  - Entering email and password.. 
21:33:07.048 [main] INFO  - clicked on login button...
21:36:31.725 [main] INFO  - Goto my account-->Click on Login.. 
21:36:33.670 [main] INFO  - Entering email and password.. 
21:36:35.619 [main] INFO  - clicked on login button...
21:36:43.630 [main] INFO  - Goto my account-->Click on Login.. 
21:36:46.008 [main] INFO  - Entering email and password.. 
21:36:47.845 [main] INFO  - clicked on login button...
21:36:55.797 [main] INFO  - Goto my account-->Click on Login.. 
21:36:58.043 [main] INFO  - Entering email and password.. 
21:36:59.816 [main] INFO  - clicked on login button...
21:47:44.654 [main] INFO  - Goto my account-->Click on Login.. 
21:47:46.685 [main] INFO  - Entering email and password.. 
21:47:48.518 [main] INFO  - clicked on login button...
11:59:28.769 [main] INFO  - Goto my account-->Click on Login.. 
11:59:30.872 [main] INFO  - Entering email and password.. 
11:59:32.963 [main] INFO  - clicked on login button...
14:04:20.379 [main] INFO  - Goto my account-->Click on Login.. 
14:04:21.958 [main] INFO  - Entering email and password.. 
14:04:24.040 [main] INFO  - clicked on login button...
14:06:10.556 [main] INFO  - Goto my account-->Click on Login.. 
14:06:12.210 [main] INFO  - Entering email and password.. 
14:06:14.354 [main] INFO  - clicked on login button...
15:05:32.663 [main] INFO  - Goto my account-->Click on Login.. 
15:05:34.429 [main] INFO  - Entering email and password.. 
15:05:36.457 [main] INFO  - clicked on login button...
15:06:47.652 [main] INFO  - Goto my account-->Click on Login.. 
15:06:49.280 [main] INFO  - Entering email and password.. 
15:06:51.433 [main] INFO  - clicked on login button...
15:09:40.806 [main] INFO  - Goto my account-->Click on Login.. 
15:09:42.693 [main] INFO  - Entering email and password.. 
15:09:45.141 [main] INFO  - clicked on login button...
15:11:36.252 [main] INFO  - Goto my account-->Click on Login.. 
15:11:37.994 [main] INFO  - Entering email and password.. 
15:11:39.890 [main] INFO  - clicked on login button...
15:13:02.591 [main] INFO  - Goto my account-->Click on Login.. 
15:13:04.179 [main] INFO  - Entering email and password.. 
15:13:06.219 [main] INFO  - clicked on login button...
15:32:55.612 [main] INFO  - Goto my account-->Click on Login.. 
15:32:57.338 [main] INFO  - Entering email and password.. 
15:32:59.620 [main] INFO  - clicked on login button...
16:03:12.004 [main] INFO  - Goto my account-->Click on Login.. 
16:03:13.667 [main] INFO  - Entering email and password.. 
16:03:16.112 [main] INFO  - clicked on login button...
